[2023-03-09 14:27:28 +0800] [13682] [INFO] Starting gunicorn 20.1.0
[2023-03-09 14:27:28 +0800] [13682] [INFO] Listening at: http://0.0.0.0:8080 (13682)
[2023-03-09 14:27:28 +0800] [13682] [INFO] Using worker: gevent
[2023-03-09 14:27:28 +0800] [13688] [INFO] Booting worker with pid: 13688
[2023-03-09 14:27:28 +0800] [13689] [INFO] Booting worker with pid: 13689
[2023-03-09 14:27:28 +0800] [13690] [INFO] Booting worker with pid: 13690
[2023-03-09 14:27:28 +0800] [13691] [INFO] Booting worker with pid: 13691
[2023-03-09 14:27:28 +0800] [13692] [INFO] Booting worker with pid: 13692
[2023-03-09 14:27:28 +0800] [13693] [INFO] Booting worker with pid: 13693
[2023-03-09 14:27:28 +0800] [13694] [INFO] Booting worker with pid: 13694
[2023-03-09 14:27:29 +0800] [13695] [INFO] Booting worker with pid: 13695
[2023-03-09 14:27:29 +0800] [13696] [INFO] Booting worker with pid: 13696
[2023-03-09 14:27:29 +0800] [13697] [INFO] Booting worker with pid: 13697
[2023-03-09 14:27:29 +0800] [13698] [INFO] Booting worker with pid: 13698
[2023-03-09 14:27:29 +0800] [13699] [INFO] Booting worker with pid: 13699
[2023-03-09 14:27:29 +0800] [13700] [INFO] Booting worker with pid: 13700
[2023-03-09 14:27:29 +0800] [13701] [INFO] Booting worker with pid: 13701
[2023-03-09 14:27:29 +0800] [13702] [INFO] Booting worker with pid: 13702
[2023-03-09 14:27:29 +0800] [13703] [INFO] Booting worker with pid: 13703
[2023-03-09 14:27:29 +0800] [13704] [INFO] Booting worker with pid: 13704
[2023-03-09 14:27:29 +0800] [13705] [INFO] Booting worker with pid: 13705
[2023-03-09 14:27:29 +0800] [13706] [INFO] Booting worker with pid: 13706
[2023-03-09 14:27:29 +0800] [13707] [INFO] Booting worker with pid: 13707
[2023-03-09 14:27:29 +0800] [13708] [INFO] Booting worker with pid: 13708
[2023-03-09 14:27:29 +0800] [13709] [INFO] Booting worker with pid: 13709
[2023-03-09 14:27:29 +0800] [13710] [INFO] Booting worker with pid: 13710
[2023-03-09 14:27:29 +0800] [13711] [INFO] Booting worker with pid: 13711
[2023-03-09 14:27:29 +0800] [13712] [INFO] Booting worker with pid: 13712
[2023-03-09 14:27:29 +0800] [13713] [INFO] Booting worker with pid: 13713
[2023-03-09 14:27:29 +0800] [13714] [INFO] Booting worker with pid: 13714
[2023-03-09 14:27:29 +0800] [13715] [INFO] Booting worker with pid: 13715
[2023-03-09 14:27:30 +0800] [13716] [INFO] Booting worker with pid: 13716
[2023-03-09 14:27:30 +0800] [13717] [INFO] Booting worker with pid: 13717
[2023-03-09 14:27:30 +0800] [13718] [INFO] Booting worker with pid: 13718
[2023-03-09 14:27:30 +0800] [13719] [INFO] Booting worker with pid: 13719
[2023-03-09 14:27:30 +0800] [13720] [INFO] Booting worker with pid: 13720
[2023-03-09 14:30:43 +0800] [13682] [INFO] Handling signal: int
[2023-03-09 14:30:43 +0800] [13705] [INFO] Worker exiting (pid: 13705)
[2023-03-09 14:30:43 +0800] [13706] [INFO] Worker exiting (pid: 13706)
[2023-03-09 14:30:44 +0800] [13719] [INFO] Worker exiting (pid: 13719)
[2023-03-09 14:30:44 +0800] [13717] [INFO] Worker exiting (pid: 13717)
[2023-03-09 14:30:44 +0800] [13716] [INFO] Worker exiting (pid: 13716)
[2023-03-09 14:30:44 +0800] [13704] [INFO] Worker exiting (pid: 13704)
[2023-03-09 14:30:44 +0800] [13715] [INFO] Worker exiting (pid: 13715)
[2023-03-09 14:30:44 +0800] [13710] [INFO] Worker exiting (pid: 13710)
[2023-03-09 14:30:44 +0800] [13697] [INFO] Worker exiting (pid: 13697)
[2023-03-09 14:30:44 +0800] [13701] [INFO] Worker exiting (pid: 13701)
[2023-03-09 14:30:44 +0800] [13707] [INFO] Worker exiting (pid: 13707)
[2023-03-09 14:30:44 +0800] [13692] [INFO] Worker exiting (pid: 13692)
[2023-03-09 14:30:44 +0800] [13695] [INFO] Worker exiting (pid: 13695)
[2023-03-09 14:30:44 +0800] [13718] [INFO] Worker exiting (pid: 13718)
[2023-03-09 14:30:44 +0800] [13690] [INFO] Worker exiting (pid: 13690)
[2023-03-09 14:30:44 +0800] [13688] [INFO] Worker exiting (pid: 13688)
[2023-03-09 14:30:44 +0800] [13712] [INFO] Worker exiting (pid: 13712)
[2023-03-09 14:30:44 +0800] [13711] [INFO] Worker exiting (pid: 13711)
[2023-03-09 14:30:44 +0800] [13709] [INFO] Worker exiting (pid: 13709)
[2023-03-09 14:30:44 +0800] [13698] [INFO] Worker exiting (pid: 13698)
[2023-03-09 14:30:44 +0800] [13689] [INFO] Worker exiting (pid: 13689)
[2023-03-09 14:30:44 +0800] [13714] [INFO] Worker exiting (pid: 13714)
[2023-03-09 14:30:44 +0800] [13708] [INFO] Worker exiting (pid: 13708)
[2023-03-09 14:30:44 +0800] [13699] [INFO] Worker exiting (pid: 13699)
[2023-03-09 14:30:44 +0800] [13720] [INFO] Worker exiting (pid: 13720)
[2023-03-09 14:30:44 +0800] [13694] [INFO] Worker exiting (pid: 13694)
[2023-03-09 14:30:44 +0800] [13702] [INFO] Worker exiting (pid: 13702)
[2023-03-09 14:30:44 +0800] [13696] [INFO] Worker exiting (pid: 13696)
[2023-03-09 14:30:44 +0800] [13713] [INFO] Worker exiting (pid: 13713)
[2023-03-09 14:30:44 +0800] [13700] [INFO] Worker exiting (pid: 13700)
[2023-03-09 14:30:44 +0800] [13693] [INFO] Worker exiting (pid: 13693)
[2023-03-09 14:30:44 +0800] [13703] [INFO] Worker exiting (pid: 13703)
[2023-03-09 14:30:44 +0800] [13691] [INFO] Worker exiting (pid: 13691)
[2023-03-09 14:30:44 +0800] [13682] [INFO] Shutting down: Master
[2023-03-09 14:30:49 +0800] [14037] [INFO] Starting gunicorn 20.1.0
[2023-03-09 14:30:49 +0800] [14037] [INFO] Listening at: http://0.0.0.0:8080 (14037)
[2023-03-09 14:30:49 +0800] [14037] [INFO] Using worker: gevent
[2023-03-09 14:30:49 +0800] [14042] [INFO] Booting worker with pid: 14042
[2023-03-09 14:30:49 +0800] [14043] [INFO] Booting worker with pid: 14043
[2023-03-09 14:30:49 +0800] [14045] [INFO] Booting worker with pid: 14045
[2023-03-09 14:30:49 +0800] [14046] [INFO] Booting worker with pid: 14046
[2023-03-09 14:30:49 +0800] [14047] [INFO] Booting worker with pid: 14047
[2023-03-09 14:30:49 +0800] [14048] [INFO] Booting worker with pid: 14048
[2023-03-09 14:30:49 +0800] [14049] [INFO] Booting worker with pid: 14049
[2023-03-09 14:30:49 +0800] [14050] [INFO] Booting worker with pid: 14050
[2023-03-09 14:30:49 +0800] [14051] [INFO] Booting worker with pid: 14051
[2023-03-09 14:30:49 +0800] [14052] [INFO] Booting worker with pid: 14052
[2023-03-09 14:30:49 +0800] [14053] [INFO] Booting worker with pid: 14053
[2023-03-09 14:30:49 +0800] [14054] [INFO] Booting worker with pid: 14054
[2023-03-09 14:30:49 +0800] [14055] [INFO] Booting worker with pid: 14055
[2023-03-09 14:30:49 +0800] [14056] [INFO] Booting worker with pid: 14056
[2023-03-09 14:30:49 +0800] [14057] [INFO] Booting worker with pid: 14057
[2023-03-09 14:30:49 +0800] [14058] [INFO] Booting worker with pid: 14058
[2023-03-09 14:30:49 +0800] [14059] [INFO] Booting worker with pid: 14059
[2023-03-09 14:30:49 +0800] [14060] [INFO] Booting worker with pid: 14060
[2023-03-09 14:30:49 +0800] [14061] [INFO] Booting worker with pid: 14061
[2023-03-09 14:30:49 +0800] [14062] [INFO] Booting worker with pid: 14062
[2023-03-09 14:30:49 +0800] [14063] [INFO] Booting worker with pid: 14063
[2023-03-09 14:30:50 +0800] [14064] [INFO] Booting worker with pid: 14064
[2023-03-09 14:30:50 +0800] [14065] [INFO] Booting worker with pid: 14065
[2023-03-09 14:30:50 +0800] [14066] [INFO] Booting worker with pid: 14066
[2023-03-09 14:30:50 +0800] [14067] [INFO] Booting worker with pid: 14067
[2023-03-09 14:30:50 +0800] [14068] [INFO] Booting worker with pid: 14068
[2023-03-09 14:30:50 +0800] [14069] [INFO] Booting worker with pid: 14069
[2023-03-09 14:30:50 +0800] [14070] [INFO] Booting worker with pid: 14070
[2023-03-09 14:30:50 +0800] [14071] [INFO] Booting worker with pid: 14071
[2023-03-09 14:30:50 +0800] [14072] [INFO] Booting worker with pid: 14072
[2023-03-09 14:30:50 +0800] [14073] [INFO] Booting worker with pid: 14073
[2023-03-09 14:30:50 +0800] [14074] [INFO] Booting worker with pid: 14074
[2023-03-09 14:30:50 +0800] [14075] [INFO] Booting worker with pid: 14075
[2023-03-09 15:01:24 +0800] [14037] [INFO] Handling signal: int
[2023-03-09 15:01:25 +0800] [14060] [INFO] Worker exiting (pid: 14060)
[2023-03-09 15:01:25 +0800] [14073] [INFO] Worker exiting (pid: 14073)
[2023-03-09 15:01:25 +0800] [14075] [INFO] Worker exiting (pid: 14075)
[2023-03-09 15:01:25 +0800] [14066] [INFO] Worker exiting (pid: 14066)
[2023-03-09 15:01:25 +0800] [14072] [INFO] Worker exiting (pid: 14072)
[2023-03-09 15:01:25 +0800] [14045] [INFO] Worker exiting (pid: 14045)
[2023-03-09 15:01:25 +0800] [14057] [INFO] Worker exiting (pid: 14057)
[2023-03-09 15:01:25 +0800] [14074] [INFO] Worker exiting (pid: 14074)
[2023-03-09 15:01:25 +0800] [14063] [INFO] Worker exiting (pid: 14063)
[2023-03-09 15:01:25 +0800] [14055] [INFO] Worker exiting (pid: 14055)
[2023-03-09 15:01:25 +0800] [14062] [INFO] Worker exiting (pid: 14062)
[2023-03-09 15:01:25 +0800] [14061] [INFO] Worker exiting (pid: 14061)
[2023-03-09 15:01:25 +0800] [14048] [INFO] Worker exiting (pid: 14048)
[2023-03-09 15:01:25 +0800] [14043] [INFO] Worker exiting (pid: 14043)
[2023-03-09 15:01:25 +0800] [14052] [INFO] Worker exiting (pid: 14052)
[2023-03-09 15:01:25 +0800] [14053] [INFO] Worker exiting (pid: 14053)
[2023-03-09 15:01:25 +0800] [14049] [INFO] Worker exiting (pid: 14049)
[2023-03-09 15:01:25 +0800] [14070] [INFO] Worker exiting (pid: 14070)
[2023-03-09 15:01:25 +0800] [14051] [INFO] Worker exiting (pid: 14051)
[2023-03-09 15:01:25 +0800] [14068] [INFO] Worker exiting (pid: 14068)
[2023-03-09 15:01:25 +0800] [14054] [INFO] Worker exiting (pid: 14054)
[2023-03-09 15:01:25 +0800] [14064] [INFO] Worker exiting (pid: 14064)
[2023-03-09 15:01:25 +0800] [14059] [INFO] Worker exiting (pid: 14059)
[2023-03-09 15:01:25 +0800] [14050] [INFO] Worker exiting (pid: 14050)
[2023-03-09 15:01:25 +0800] [14067] [INFO] Worker exiting (pid: 14067)
[2023-03-09 15:01:25 +0800] [14046] [INFO] Worker exiting (pid: 14046)
[2023-03-09 15:01:25 +0800] [14042] [INFO] Worker exiting (pid: 14042)
[2023-03-09 15:01:25 +0800] [14071] [INFO] Worker exiting (pid: 14071)
[2023-03-09 15:01:25 +0800] [14056] [INFO] Worker exiting (pid: 14056)
[2023-03-09 15:01:25 +0800] [14069] [INFO] Worker exiting (pid: 14069)
[2023-03-09 15:01:25 +0800] [14065] [INFO] Worker exiting (pid: 14065)
[2023-03-09 15:01:25 +0800] [14047] [INFO] Worker exiting (pid: 14047)
[2023-03-09 15:01:25 +0800] [14058] [INFO] Worker exiting (pid: 14058)
[2023-03-09 15:01:25 +0800] [14037] [INFO] Shutting down: Master
[2023-03-09 15:01:27 +0800] [15006] [INFO] Starting gunicorn 20.1.0
[2023-03-09 15:01:27 +0800] [15006] [INFO] Listening at: http://0.0.0.0:8080 (15006)
[2023-03-09 15:01:27 +0800] [15006] [INFO] Using worker: gevent
[2023-03-09 15:01:27 +0800] [15011] [INFO] Booting worker with pid: 15011
[2023-03-09 15:01:27 +0800] [15012] [INFO] Booting worker with pid: 15012
[2023-03-09 15:01:27 +0800] [15013] [INFO] Booting worker with pid: 15013
[2023-03-09 15:01:27 +0800] [15011] [ERROR] Exception in worker process
Traceback (most recent call last):
  File "/home/eli/Desktop/src/python/elishop/venv/lib/python3.8/site-packages/gunicorn/arbiter.py", line 589, in spawn_worker
    worker.init_process()
  File "/home/eli/Desktop/src/python/elishop/venv/lib/python3.8/site-packages/gunicorn/workers/ggevent.py", line 146, in init_process
    super().init_process()
  File "/home/eli/Desktop/src/python/elishop/venv/lib/python3.8/site-packages/gunicorn/workers/base.py", line 134, in init_process
    self.load_wsgi()
  File "/home/eli/Desktop/src/python/elishop/venv/lib/python3.8/site-packages/gunicorn/workers/base.py", line 146, in load_wsgi
    self.wsgi = self.app.wsgi()
  File "/home/eli/Desktop/src/python/elishop/venv/lib/python3.8/site-packages/gunicorn/app/base.py", line 67, in wsgi
    self.callable = self.load()
  File "/home/eli/Desktop/src/python/elishop/venv/lib/python3.8/site-packages/gunicorn/app/wsgiapp.py", line 58, in load
    return self.load_wsgiapp()
  File "/home/eli/Desktop/src/python/elishop/venv/lib/python3.8/site-packages/gunicorn/app/wsgiapp.py", line 48, in load_wsgiapp
    return util.import_app(self.app_uri)
  File "/home/eli/Desktop/src/python/elishop/venv/lib/python3.8/site-packages/gunicorn/util.py", line 359, in import_app
    mod = importlib.import_module(module)
  File "/usr/lib/python3.8/importlib/__init__.py", line 127, in import_module
    return _bootstrap._gcd_import(name[level:], package, level)
  File "<frozen importlib._bootstrap>", line 1014, in _gcd_import
  File "<frozen importlib._bootstrap>", line 991, in _find_and_load
  File "<frozen importlib._bootstrap>", line 975, in _find_and_load_unlocked
  File "<frozen importlib._bootstrap>", line 671, in _load_unlocked
  File "<frozen importlib._bootstrap_external>", line 848, in exec_module
  File "<frozen importlib._bootstrap>", line 219, in _call_with_frames_removed
  File "/home/eli/Desktop/src/python/elishop/main.py", line 2, in <module>
    import router.Routers
  File "/home/eli/Desktop/src/python/elishop/router/Routers.py", line 4, in <module>
    app.add_url_rule("/home", view_func=home,methods=['GET','POST'])
AttributeError: 'NoneType' object has no attribute 'add_url_rule'
[2023-03-09 15:01:27 +0800] [15011] [INFO] Worker exiting (pid: 15011)
[2023-03-09 15:01:27 +0800] [15012] [ERROR] Exception in worker process
Traceback (most recent call last):
  File "/home/eli/Desktop/src/python/elishop/venv/lib/python3.8/site-packages/gunicorn/arbiter.py", line 589, in spawn_worker
    worker.init_process()
  File "/home/eli/Desktop/src/python/elishop/venv/lib/python3.8/site-packages/gunicorn/workers/ggevent.py", line 146, in init_process
    super().init_process()
  File "/home/eli/Desktop/src/python/elishop/venv/lib/python3.8/site-packages/gunicorn/workers/base.py", line 134, in init_process
    self.load_wsgi()
  File "/home/eli/Desktop/src/python/elishop/venv/lib/python3.8/site-packages/gunicorn/workers/base.py", line 146, in load_wsgi
    self.wsgi = self.app.wsgi()
  File "/home/eli/Desktop/src/python/elishop/venv/lib/python3.8/site-packages/gunicorn/app/base.py", line 67, in wsgi
    self.callable = self.load()
  File "/home/eli/Desktop/src/python/elishop/venv/lib/python3.8/site-packages/gunicorn/app/wsgiapp.py", line 58, in load
    return self.load_wsgiapp()
  File "/home/eli/Desktop/src/python/elishop/venv/lib/python3.8/site-packages/gunicorn/app/wsgiapp.py", line 48, in load_wsgiapp
    return util.import_app(self.app_uri)
  File "/home/eli/Desktop/src/python/elishop/venv/lib/python3.8/site-packages/gunicorn/util.py", line 359, in import_app
    mod = importlib.import_module(module)
  File "/usr/lib/python3.8/importlib/__init__.py", line 127, in import_module
    return _bootstrap._gcd_import(name[level:], package, level)
  File "<frozen importlib._bootstrap>", line 1014, in _gcd_import
  File "<frozen importlib._bootstrap>", line 991, in _find_and_load
  File "<frozen importlib._bootstrap>", line 975, in _find_and_load_unlocked
  File "<frozen importlib._bootstrap>", line 671, in _load_unlocked
  File "<frozen importlib._bootstrap_external>", line 848, in exec_module
  File "<frozen importlib._bootstrap>", line 219, in _call_with_frames_removed
  File "/home/eli/Desktop/src/python/elishop/main.py", line 2, in <module>
    import router.Routers
  File "/home/eli/Desktop/src/python/elishop/router/Routers.py", line 4, in <module>
    app.add_url_rule("/home", view_func=home,methods=['GET','POST'])
AttributeError: 'NoneType' object has no attribute 'add_url_rule'
[2023-03-09 15:01:27 +0800] [15012] [INFO] Worker exiting (pid: 15012)
[2023-03-09 15:01:27 +0800] [15013] [ERROR] Exception in worker process
Traceback (most recent call last):
  File "/home/eli/Desktop/src/python/elishop/venv/lib/python3.8/site-packages/gunicorn/arbiter.py", line 589, in spawn_worker
    worker.init_process()
  File "/home/eli/Desktop/src/python/elishop/venv/lib/python3.8/site-packages/gunicorn/workers/ggevent.py", line 146, in init_process
    super().init_process()
  File "/home/eli/Desktop/src/python/elishop/venv/lib/python3.8/site-packages/gunicorn/workers/base.py", line 134, in init_process
    self.load_wsgi()
  File "/home/eli/Desktop/src/python/elishop/venv/lib/python3.8/site-packages/gunicorn/workers/base.py", line 146, in load_wsgi
    self.wsgi = self.app.wsgi()
  File "/home/eli/Desktop/src/python/elishop/venv/lib/python3.8/site-packages/gunicorn/app/base.py", line 67, in wsgi
    self.callable = self.load()
  File "/home/eli/Desktop/src/python/elishop/venv/lib/python3.8/site-packages/gunicorn/app/wsgiapp.py", line 58, in load
    return self.load_wsgiapp()
  File "/home/eli/Desktop/src/python/elishop/venv/lib/python3.8/site-packages/gunicorn/app/wsgiapp.py", line 48, in load_wsgiapp
    return util.import_app(self.app_uri)
  File "/home/eli/Desktop/src/python/elishop/venv/lib/python3.8/site-packages/gunicorn/util.py", line 359, in import_app
    mod = importlib.import_module(module)
  File "/usr/lib/python3.8/importlib/__init__.py", line 127, in import_module
    return _bootstrap._gcd_import(name[level:], package, level)
  File "<frozen importlib._bootstrap>", line 1014, in _gcd_import
  File "<frozen importlib._bootstrap>", line 991, in _find_and_load
  File "<frozen importlib._bootstrap>", line 975, in _find_and_load_unlocked
  File "<frozen importlib._bootstrap>", line 671, in _load_unlocked
  File "<frozen importlib._bootstrap_external>", line 848, in exec_module
  File "<frozen importlib._bootstrap>", line 219, in _call_with_frames_removed
  File "/home/eli/Desktop/src/python/elishop/main.py", line 2, in <module>
    import router.Routers
  File "/home/eli/Desktop/src/python/elishop/router/Routers.py", line 4, in <module>
    app.add_url_rule("/home", view_func=home,methods=['GET','POST'])
AttributeError: 'NoneType' object has no attribute 'add_url_rule'
[2023-03-09 15:01:27 +0800] [15013] [INFO] Worker exiting (pid: 15013)
